<?xml version="1.0" encoding="UTF-8"?>
<testsuite xmlns:xsi="http://www.w3.org/2001/XMLSchema-instance" xsi:noNamespaceSchemaLocation="https://maven.apache.org/surefire/maven-surefire-plugin/xsd/surefire-test-report-3.0.xsd" version="3.0" name="PracticeProblemTest" time="0.126" tests="4" errors="0" skipped="0" failures="0">
  <properties>
[...]
</properties>
  <testcase name="SearchMazeMovesTest1" classname="PracticeProblemTest" time="0.062"/>
  <testcase name="SearchMazeMovesTest2" classname="PracticeProblemTest" time="0.004"/>
  <testcase name="SearchMazeMovesTest3" classname="PracticeProblemTest" time="0.002"/>
  <testcase name="SearchMazeMovesTest4" classname="PracticeProblemTest" time="0.016"/>
</testsuite>